2019-08-30 15:23:18.582  INFO 13268 --- [restartedMain] a.t.tscommunity.TscommunityApplication   : Starting TscommunityApplication on 汤吉林 with PID 13268 (D:\IDEA\SpringBoot\tscommunity\target\classes started by 汤吉林 in D:\IDEA\SpringBoot\tscommunity)
2019-08-30 15:23:18.586  INFO 13268 --- [restartedMain] a.t.tscommunity.TscommunityApplication   : No active profile set, falling back to default profiles: default
2019-08-30 15:23:18.640  INFO 13268 --- [restartedMain] .e.DevToolsPropertyDefaultsPostProcessor : Devtools property defaults active! Set 'spring.devtools.add-properties' to 'false' to disable
2019-08-30 15:23:18.640  INFO 13268 --- [restartedMain] .e.DevToolsPropertyDefaultsPostProcessor : For additional web related logging consider setting the 'logging.level.web' property to 'DEBUG'
2019-08-30 15:23:20.017  INFO 13268 --- [restartedMain] o.s.b.w.embedded.tomcat.TomcatWebServer  : Tomcat initialized with port(s): 8887 (http)
2019-08-30 15:23:20.038  INFO 13268 --- [restartedMain] o.apache.catalina.core.StandardService   : Starting service [Tomcat]
2019-08-30 15:23:20.038  INFO 13268 --- [restartedMain] org.apache.catalina.core.StandardEngine  : Starting Servlet engine: [Apache Tomcat/9.0.22]
2019-08-30 15:23:20.112  INFO 13268 --- [restartedMain] o.a.c.c.C.[Tomcat].[localhost].[/]       : Initializing Spring embedded WebApplicationContext
2019-08-30 15:23:20.112  INFO 13268 --- [restartedMain] o.s.web.context.ContextLoader            : Root WebApplicationContext: initialization completed in 1462 ms
2019-08-30 15:23:20.626  INFO 13268 --- [restartedMain] o.s.s.concurrent.ThreadPoolTaskExecutor  : Initializing ExecutorService 'applicationTaskExecutor'
2019-08-30 15:23:20.675  INFO 13268 --- [restartedMain] o.s.b.a.w.s.WelcomePageHandlerMapping    : Adding welcome page template: index
2019-08-30 15:23:20.871  INFO 13268 --- [restartedMain] o.s.b.d.a.OptionalLiveReloadServer       : LiveReload server is running on port 35729
2019-08-30 15:23:20.919  INFO 13268 --- [restartedMain] o.s.b.w.embedded.tomcat.TomcatWebServer  : Tomcat started on port(s): 8887 (http) with context path ''
2019-08-30 15:23:20.922  INFO 13268 --- [restartedMain] a.t.tscommunity.TscommunityApplication   : Started TscommunityApplication in 2.661 seconds (JVM running for 3.754)
2019-08-30 15:24:07.867  INFO 13268 --- [http-nio-8887-exec-1] o.a.c.c.C.[Tomcat].[localhost].[/]       : Initializing Spring DispatcherServlet 'dispatcherServlet'
2019-08-30 15:24:07.867  INFO 13268 --- [http-nio-8887-exec-1] o.s.web.servlet.DispatcherServlet        : Initializing Servlet 'dispatcherServlet'
2019-08-30 15:24:07.874  INFO 13268 --- [http-nio-8887-exec-1] o.s.web.servlet.DispatcherServlet        : Completed initialization in 7 ms
2019-08-30 15:24:07.917  INFO 13268 --- [http-nio-8887-exec-1] com.zaxxer.hikari.HikariDataSource       : HikariPool-1 - Starting...
2019-08-30 15:24:08.067  INFO 13268 --- [http-nio-8887-exec-1] com.zaxxer.hikari.HikariDataSource       : HikariPool-1 - Start completed.
2019-08-30 15:24:08.525  WARN 13268 --- [http-nio-8887-exec-1] .m.m.a.ExceptionHandlerExceptionResolver : Resolved [org.springframework.web.method.annotation.MethodArgumentTypeMismatchException: Failed to convert value of type 'java.lang.String' to required type 'java.lang.Long'; nested exception is java.lang.NumberFormatException: For input string: "jquery.min.js"]
2019-08-30 15:24:33.889  INFO 13268 --- [Thread-10] o.s.s.concurrent.ThreadPoolTaskExecutor  : Shutting down ExecutorService 'applicationTaskExecutor'
2019-08-30 15:24:33.890  INFO 13268 --- [Thread-10] com.zaxxer.hikari.HikariDataSource       : HikariPool-1 - Shutdown initiated...
2019-08-30 15:24:33.907  INFO 13268 --- [Thread-10] com.zaxxer.hikari.HikariDataSource       : HikariPool-1 - Shutdown completed.
2019-08-30 15:24:34.760  INFO 13268 --- [restartedMain] a.t.tscommunity.TscommunityApplication   : Starting TscommunityApplication on 汤吉林 with PID 13268 (D:\IDEA\SpringBoot\tscommunity\target\classes started by 汤吉林 in D:\IDEA\SpringBoot\tscommunity)
2019-08-30 15:24:34.760  INFO 13268 --- [restartedMain] a.t.tscommunity.TscommunityApplication   : No active profile set, falling back to default profiles: default
2019-08-30 15:24:35.116  INFO 13268 --- [restartedMain] o.s.b.w.embedded.tomcat.TomcatWebServer  : Tomcat initialized with port(s): 8887 (http)
2019-08-30 15:24:35.117  INFO 13268 --- [restartedMain] o.apache.catalina.core.StandardService   : Starting service [Tomcat]
2019-08-30 15:24:35.117  INFO 13268 --- [restartedMain] org.apache.catalina.core.StandardEngine  : Starting Servlet engine: [Apache Tomcat/9.0.22]
2019-08-30 15:24:35.140  INFO 13268 --- [restartedMain] o.a.c.c.C.[Tomcat].[localhost].[/]       : Initializing Spring embedded WebApplicationContext
2019-08-30 15:24:35.140  INFO 13268 --- [restartedMain] o.s.web.context.ContextLoader            : Root WebApplicationContext: initialization completed in 377 ms
2019-08-30 15:24:35.320  INFO 13268 --- [restartedMain] o.s.s.concurrent.ThreadPoolTaskExecutor  : Initializing ExecutorService 'applicationTaskExecutor'
2019-08-30 15:24:35.340  INFO 13268 --- [restartedMain] o.s.b.a.w.s.WelcomePageHandlerMapping    : Adding welcome page template: index
2019-08-30 15:24:35.441  INFO 13268 --- [restartedMain] o.s.b.d.a.OptionalLiveReloadServer       : LiveReload server is running on port 35729
2019-08-30 15:24:35.458  INFO 13268 --- [restartedMain] o.s.b.w.embedded.tomcat.TomcatWebServer  : Tomcat started on port(s): 8887 (http) with context path ''
2019-08-30 15:24:35.458  INFO 13268 --- [restartedMain] a.t.tscommunity.TscommunityApplication   : Started TscommunityApplication in 0.725 seconds (JVM running for 78.29)
2019-08-30 15:24:35.460  INFO 13268 --- [restartedMain] .ConditionEvaluationDeltaLoggingListener : Condition evaluation unchanged
